# JRE version: OpenJDK Runtime Environment Temurin-21.0.8+9 (21.0.8+9) (build 21.0.8+9-LTS)
# Java VM: OpenJDK 64-Bit Server VM Temurin-21.0.8+9 (21.0.8+9-LTS, mixed mode, sharing, tiered, compressed oops, compressed class ptrs, parallel gc, windows-amd64)
GC Precious Log:
 CardTable entry size: 512
 CPUs: 12 total, 12 available
 Memory: 16273M
 Large Page Support: Disabled
 NUMA Support: Disabled
 Compressed Oops: Enabled (32-bit)
 Alignments: Space 512K, Generation 512K, Heap 2M
 Heap Min Capacity: 100M
 Heap Initial Capacity: 100M
 Heap Max Capacity: 2G
 Pre-touch: Disabled
 Parallel Workers: 10
Heap:
 PSYoungGen      total 14336K, used 5330K [0x00000000d5580000, 0x00000000d6680000, 0x0000000100000000)
  eden space 13824K, 36% used [0x00000000d5580000,0x00000000d5a78ba8,0x00000000d6300000)
  from space 512K, 46% used [0x00000000d6600000,0x00000000d663c010,0x00000000d6680000)
  to   space 1024K, 0% used [0x00000000d6480000,0x00000000d6480000,0x00000000d6580000)
 ParOldGen       total 864256K, used 464671K [0x0000000080000000, 0x00000000b4c00000, 0x00000000d5580000)
  object space 864256K, 53% used [0x0000000080000000,0x000000009c5c7c18,0x00000000b4c00000)
 Metaspace       used 70839K, committed 72320K, reserved 1114112K
  class space    used 7480K, committed 8128K, reserved 1048576K
GC Heap History (20 events):
Event: 783.880 GC heap before
{Heap before GC invocations=1697 (full 3):
 PSYoungGen      total 15360K, used 14958K [0x00000000d5580000, 0x00000000d6600000, 0x0000000100000000)
  eden space 13824K, 100% used [0x00000000d5580000,0x00000000d6300000,0x00000000d6300000)
  from space 1536K, 73% used [0x00000000d6300000,0x00000000d641bad0,0x00000000d6480000)
  to   space 1536K, 0% used [0x00000000d6480000,0x00000000d6480000,0x00000000d6600000)
 ParOldGen       total 864256K, used 439129K [0x0000000080000000, 0x00000000b4c00000, 0x00000000d5580000)
  object space 864256K, 50% used [0x0000000080000000,0x000000009acd67e8,0x00000000b4c00000)
 Metaspace       used 68372K, committed 69888K, reserved 1114112K
  class space    used 7313K, committed 8000K, reserved 1048576K
}
Event: 783.884 GC heap after
{Heap after GC invocations=1697 (full 3):
 PSYoungGen      total 15360K, used 1069K [0x00000000d5580000, 0x00000000d6600000, 0x0000000100000000)
  eden space 13824K, 0% used [0x00000000d5580000,0x00000000d5580000,0x00000000d6300000)
  from space 1536K, 69% used [0x00000000d6480000,0x00000000d658b758,0x00000000d6600000)
  to   space 1536K, 0% used [0x00000000d6300000,0x00000000d6300000,0x00000000d6480000)
 ParOldGen       total 864256K, used 439776K [0x0000000080000000, 0x00000000b4c00000, 0x00000000d5580000)
  object space 864256K, 50% used [0x0000000080000000,0x000000009ad78078,0x00000000b4c00000)
 Metaspace       used 68372K, committed 69888K, reserved 1114112K
  class space    used 7313K, committed 8000K, reserved 1048576K
}
Event: 784.068 GC heap before
{Heap before GC invocations=1698 (full 3):
 PSYoungGen      total 15360K, used 14893K [0x00000000d5580000, 0x00000000d6600000, 0x0000000100000000)
  eden space 13824K, 100% used [0x00000000d5580000,0x00000000d6300000,0x00000000d6300000)
  from space 1536K, 69% used [0x00000000d6480000,0x00000000d658b758,0x00000000d6600000)
  to   space 1536K, 0% used [0x00000000d6300000,0x00000000d6300000,0x00000000d6480000)
 ParOldGen       total 864256K, used 439776K [0x0000000080000000, 0x00000000b4c00000, 0x00000000d5580000)
  object space 864256K, 50% used [0x0000000080000000,0x000000009ad78078,0x00000000b4c00000)
 Metaspace       used 68459K, committed 69952K, reserved 1114112K
  class space    used 7313K, committed 8000K, reserved 1048576K
}
Event: 784.073 GC heap after
{Heap after GC invocations=1698 (full 3):
 PSYoungGen      total 15360K, used 1525K [0x00000000d5580000, 0x00000000d7200000, 0x0000000100000000)
  eden space 13824K, 0% used [0x00000000d5580000,0x00000000d5580000,0x00000000d6300000)
  from space 1536K, 99% used [0x00000000d6300000,0x00000000d647d5e8,0x00000000d6480000)
  to   space 7680K, 0% used [0x00000000d6a80000,0x00000000d6a80000,0x00000000d7200000)
 ParOldGen       total 864256K, used 444800K [0x0000000080000000, 0x00000000b4c00000, 0x00000000d5580000)
  object space 864256K, 51% used [0x0000000080000000,0x000000009b260210,0x00000000b4c00000)
 Metaspace       used 68459K, committed 69952K, reserved 1114112K
  class space    used 7313K, committed 8000K, reserved 1048576K
}
Event: 784.271 GC heap before
{Heap before GC invocations=1699 (full 3):
 PSYoungGen      total 15360K, used 15349K [0x00000000d5580000, 0x00000000d7200000, 0x0000000100000000)
  eden space 13824K, 100% used [0x00000000d5580000,0x00000000d6300000,0x00000000d6300000)
  from space 1536K, 99% used [0x00000000d6300000,0x00000000d647d5e8,0x00000000d6480000)
  to   space 7680K, 0% used [0x00000000d6a80000,0x00000000d6a80000,0x00000000d7200000)
 ParOldGen       total 864256K, used 444800K [0x0000000080000000, 0x00000000b4c00000, 0x00000000d5580000)
  object space 864256K, 51% used [0x0000000080000000,0x000000009b260210,0x00000000b4c00000)
 Metaspace       used 68644K, committed 70144K, reserved 1114112K
  class space    used 7326K, committed 8000K, reserved 1048576K
}
Event: 784.278 GC heap after
{Heap after GC invocations=1699 (full 3):
 PSYoungGen      total 16384K, used 2158K [0x00000000d5580000, 0x00000000d6d00000, 0x0000000100000000)
  eden space 13824K, 0% used [0x00000000d5580000,0x00000000d5580000,0x00000000d6300000)
  from space 2560K, 84% used [0x00000000d6a80000,0x00000000d6c9b848,0x00000000d6d00000)
  to   space 4096K, 0% used [0x00000000d6500000,0x00000000d6500000,0x00000000d6900000)
 ParOldGen       total 864256K, used 446325K [0x0000000080000000, 0x00000000b4c00000, 0x00000000d5580000)
  object space 864256K, 51% used [0x0000000080000000,0x000000009b3dd680,0x00000000b4c00000)
 Metaspace       used 68644K, committed 70144K, reserved 1114112K
  class space    used 7326K, committed 8000K, reserved 1048576K
}
Event: 784.418 GC heap before
{Heap before GC invocations=1700 (full 3):
 PSYoungGen      total 16384K, used 15974K [0x00000000d5580000, 0x00000000d6d00000, 0x0000000100000000)
  eden space 13824K, 99% used [0x00000000d5580000,0x00000000d62fe2a0,0x00000000d6300000)
  from space 2560K, 84% used [0x00000000d6a80000,0x00000000d6c9b848,0x00000000d6d00000)
  to   space 4096K, 0% used [0x00000000d6500000,0x00000000d6500000,0x00000000d6900000)
 ParOldGen       total 864256K, used 446325K [0x0000000080000000, 0x00000000b4c00000, 0x00000000d5580000)
  object space 864256K, 51% used [0x0000000080000000,0x000000009b3dd680,0x00000000b4c00000)
 Metaspace       used 68691K, committed 70208K, reserved 1114112K
  class space    used 7326K, committed 8000K, reserved 1048576K
}
Event: 784.423 GC heap after
{Heap after GC invocations=1700 (full 3):
 PSYoungGen      total 15872K, used 1752K [0x00000000d5580000, 0x00000000d6b00000, 0x0000000100000000)
  eden space 13824K, 0% used [0x00000000d5580000,0x00000000d5580000,0x00000000d6300000)
  from space 2048K, 85% used [0x00000000d6500000,0x00000000d66b61d8,0x00000000d6700000)
  to   space 2560K, 0% used [0x00000000d6880000,0x00000000d6880000,0x00000000d6b00000)
 ParOldGen       total 864256K, used 451896K [0x0000000080000000, 0x00000000b4c00000, 0x00000000d5580000)
  object space 864256K, 52% used [0x0000000080000000,0x000000009b94e0b0,0x00000000b4c00000)
 Metaspace       used 68691K, committed 70208K, reserved 1114112K
  class space    used 7326K, committed 8000K, reserved 1048576K
}
Event: 784.824 GC heap before
{Heap before GC invocations=1701 (full 3):
 PSYoungGen      total 15872K, used 15537K [0x00000000d5580000, 0x00000000d6b00000, 0x0000000100000000)
  eden space 13824K, 99% used [0x00000000d5580000,0x00000000d62f62a8,0x00000000d6300000)
  from space 2048K, 85% used [0x00000000d6500000,0x00000000d66b61d8,0x00000000d6700000)
  to   space 2560K, 0% used [0x00000000d6880000,0x00000000d6880000,0x00000000d6b00000)
 ParOldGen       total 864256K, used 451896K [0x0000000080000000, 0x00000000b4c00000, 0x00000000d5580000)
  object space 864256K, 52% used [0x0000000080000000,0x000000009b94e0b0,0x00000000b4c00000)
 Metaspace       used 69254K, committed 70720K, reserved 1114112K
  class space    used 7365K, committed 8000K, reserved 1048576K
}
Event: 784.828 GC heap after
{Heap after GC invocations=1701 (full 3):
 PSYoungGen      total 15872K, used 1555K [0x00000000d5580000, 0x00000000d6a80000, 0x0000000100000000)
  eden space 13824K, 0% used [0x00000000d5580000,0x00000000d5580000,0x00000000d6300000)
  from space 2048K, 75% used [0x00000000d6880000,0x00000000d6a04c08,0x00000000d6a80000)
  to   space 2048K, 0% used [0x00000000d6500000,0x00000000d6500000,0x00000000d6700000)
 ParOldGen       total 864256K, used 452796K [0x0000000080000000, 0x00000000b4c00000, 0x00000000d5580000)
  object space 864256K, 52% used [0x0000000080000000,0x000000009ba2f2c0,0x00000000b4c00000)
 Metaspace       used 69254K, committed 70720K, reserved 1114112K
  class space    used 7365K, committed 8000K, reserved 1048576K
}
Event: 784.912 GC heap before
{Heap before GC invocations=1702 (full 3):
 PSYoungGen      total 15872K, used 15378K [0x00000000d5580000, 0x00000000d6a80000, 0x0000000100000000)
  eden space 13824K, 99% used [0x00000000d5580000,0x00000000d62ffff0,0x00000000d6300000)
  from space 2048K, 75% used [0x00000000d6880000,0x00000000d6a04c08,0x00000000d6a80000)
  to   space 2048K, 0% used [0x00000000d6500000,0x00000000d6500000,0x00000000d6700000)
 ParOldGen       total 864256K, used 452796K [0x0000000080000000, 0x00000000b4c00000, 0x00000000d5580000)
  object space 864256K, 52% used [0x0000000080000000,0x000000009ba2f2c0,0x00000000b4c00000)
 Metaspace       used 69541K, committed 71040K, reserved 1114112K
  class space    used 7386K, committed 8064K, reserved 1048576K
}
Event: 784.918 GC heap after
{Heap after GC invocations=1702 (full 3):
 PSYoungGen      total 15872K, used 994K [0x00000000d5580000, 0x00000000d6900000, 0x0000000100000000)
  eden space 13824K, 0% used [0x00000000d5580000,0x00000000d5580000,0x00000000d6300000)
  from space 2048K, 48% used [0x00000000d6500000,0x00000000d65f8a70,0x00000000d6700000)
  to   space 1536K, 0% used [0x00000000d6780000,0x00000000d6780000,0x00000000d6900000)
 ParOldGen       total 864256K, used 461396K [0x0000000080000000, 0x00000000b4c00000, 0x00000000d5580000)
  object space 864256K, 53% used [0x0000000080000000,0x000000009c295388,0x00000000b4c00000)
 Metaspace       used 69541K, committed 71040K, reserved 1114112K
  class space    used 7386K, committed 8064K, reserved 1048576K
}
Event: 784.962 GC heap before
{Heap before GC invocations=1703 (full 3):
 PSYoungGen      total 15872K, used 13944K [0x00000000d5580000, 0x00000000d6900000, 0x0000000100000000)
  eden space 13824K, 93% used [0x00000000d5580000,0x00000000d62256b8,0x00000000d6300000)
  from space 2048K, 48% used [0x00000000d6500000,0x00000000d65f8a70,0x00000000d6700000)
  to   space 1536K, 0% used [0x00000000d6780000,0x00000000d6780000,0x00000000d6900000)
 ParOldGen       total 864256K, used 461396K [0x0000000080000000, 0x00000000b4c00000, 0x00000000d5580000)
  object space 864256K, 53% used [0x0000000080000000,0x000000009c295388,0x00000000b4c00000)
 Metaspace       used 69554K, committed 71040K, reserved 1114112K
  class space    used 7386K, committed 8064K, reserved 1048576K
}
Event: 784.965 GC heap after
{Heap after GC invocations=1703 (full 3):
 PSYoungGen      total 15360K, used 1093K [0x00000000d5580000, 0x00000000d6900000, 0x0000000100000000)
  eden space 13824K, 0% used [0x00000000d5580000,0x00000000d5580000,0x00000000d6300000)
  from space 1536K, 71% used [0x00000000d6780000,0x00000000d68915d8,0x00000000d6900000)
  to   space 1536K, 0% used [0x00000000d6600000,0x00000000d6600000,0x00000000d6780000)
 ParOldGen       total 864256K, used 461742K [0x0000000080000000, 0x00000000b4c00000, 0x00000000d5580000)
  object space 864256K, 53% used [0x0000000080000000,0x000000009c2eba68,0x00000000b4c00000)
 Metaspace       used 69554K, committed 71040K, reserved 1114112K
  class space    used 7386K, committed 8064K, reserved 1048576K
}
Event: 785.074 GC heap before
{Heap before GC invocations=1704 (full 3):
 PSYoungGen      total 15360K, used 14917K [0x00000000d5580000, 0x00000000d6900000, 0x0000000100000000)
  eden space 13824K, 100% used [0x00000000d5580000,0x00000000d6300000,0x00000000d6300000)
  from space 1536K, 71% used [0x00000000d6780000,0x00000000d68915d8,0x00000000d6900000)
  to   space 1536K, 0% used [0x00000000d6600000,0x00000000d6600000,0x00000000d6780000)
 ParOldGen       total 864256K, used 461742K [0x0000000080000000, 0x00000000b4c00000, 0x00000000d5580000)
  object space 864256K, 53% used [0x0000000080000000,0x000000009c2eba68,0x00000000b4c00000)
 Metaspace       used 69732K, committed 71232K, reserved 1114112K
  class space    used 7396K, committed 8064K, reserved 1048576K
}
Event: 785.080 GC heap after
{Heap after GC invocations=1704 (full 3):
 PSYoungGen      total 15360K, used 1504K [0x00000000d5580000, 0x00000000d6800000, 0x0000000100000000)
  eden space 13824K, 0% used [0x00000000d5580000,0x00000000d5580000,0x00000000d6300000)
  from space 1536K, 97% used [0x00000000d6600000,0x00000000d67783c8,0x00000000d6780000)
  to   space 512K, 0% used [0x00000000d6780000,0x00000000d6780000,0x00000000d6800000)
 ParOldGen       total 864256K, used 462424K [0x0000000080000000, 0x00000000b4c00000, 0x00000000d5580000)
  object space 864256K, 53% used [0x0000000080000000,0x000000009c396398,0x00000000b4c00000)
 Metaspace       used 69732K, committed 71232K, reserved 1114112K
  class space    used 7396K, committed 8064K, reserved 1048576K
}
Event: 785.282 GC heap before
{Heap before GC invocations=1705 (full 3):
 PSYoungGen      total 15360K, used 15328K [0x00000000d5580000, 0x00000000d6800000, 0x0000000100000000)
  eden space 13824K, 100% used [0x00000000d5580000,0x00000000d6300000,0x00000000d6300000)
  from space 1536K, 97% used [0x00000000d6600000,0x00000000d67783c8,0x00000000d6780000)
  to   space 512K, 0% used [0x00000000d6780000,0x00000000d6780000,0x00000000d6800000)
 ParOldGen       total 864256K, used 462424K [0x0000000080000000, 0x00000000b4c00000, 0x00000000d5580000)
  object space 864256K, 53% used [0x0000000080000000,0x000000009c396398,0x00000000b4c00000)
 Metaspace       used 70480K, committed 72000K, reserved 1114112K
  class space    used 7464K, committed 8128K, reserved 1048576K
}
Event: 785.285 GC heap after
{Heap after GC invocations=1705 (full 3):
 PSYoungGen      total 14336K, used 497K [0x00000000d5580000, 0x00000000d6800000, 0x0000000100000000)
  eden space 13824K, 0% used [0x00000000d5580000,0x00000000d5580000,0x00000000d6300000)
  from space 512K, 97% used [0x00000000d6780000,0x00000000d67fc678,0x00000000d6800000)
  to   space 2048K, 0% used [0x00000000d6400000,0x00000000d6400000,0x00000000d6600000)
 ParOldGen       total 864256K, used 463868K [0x0000000080000000, 0x00000000b4c00000, 0x00000000d5580000)
  object space 864256K, 53% used [0x0000000080000000,0x000000009c4ff2c0,0x00000000b4c00000)
 Metaspace       used 70480K, committed 72000K, reserved 1114112K
  class space    used 7464K, committed 8128K, reserved 1048576K
}
Event: 786.408 GC heap before
{Heap before GC invocations=1706 (full 3):
 PSYoungGen      total 14336K, used 14321K [0x00000000d5580000, 0x00000000d6800000, 0x0000000100000000)
  eden space 13824K, 100% used [0x00000000d5580000,0x00000000d6300000,0x00000000d6300000)
  from space 512K, 97% used [0x00000000d6780000,0x00000000d67fc678,0x00000000d6800000)
  to   space 2048K, 0% used [0x00000000d6400000,0x00000000d6400000,0x00000000d6600000)
 ParOldGen       total 864256K, used 463868K [0x0000000080000000, 0x00000000b4c00000, 0x00000000d5580000)
  object space 864256K, 53% used [0x0000000080000000,0x000000009c4ff2c0,0x00000000b4c00000)
 Metaspace       used 70740K, committed 72192K, reserved 1114112K
  class space    used 7480K, committed 8128K, reserved 1048576K
}
Event: 786.411 GC heap after
{Heap after GC invocations=1706 (full 3):
 PSYoungGen      total 15872K, used 1388K [0x00000000d5580000, 0x00000000d6800000, 0x0000000100000000)
  eden space 13824K, 0% used [0x00000000d5580000,0x00000000d5580000,0x00000000d6300000)
  from space 2048K, 67% used [0x00000000d6400000,0x00000000d655b110,0x00000000d6600000)
  to   space 2048K, 0% used [0x00000000d6600000,0x00000000d6600000,0x00000000d6800000)
 ParOldGen       total 864256K, used 464367K [0x0000000080000000, 0x00000000b4c00000, 0x00000000d5580000)
  object space 864256K, 53% used [0x0000000080000000,0x000000009c57bd18,0x00000000b4c00000)
 Metaspace       used 70740K, committed 72192K, reserved 1114112K
  class space    used 7480K, committed 8128K, reserved 1048576K
}

